<?xml version="1.0" encoding="UTF-8"?>
<!-- Generated by org.testng.reporters.JUnitReportReporter -->
<testsuite hostname="Nitesh" failures="0" tests="5" name="TestNGPractice.Test3" time="0.025" errors="0" timestamp="2025-01-19T15:02:03 IST" skipped="0">
  <testcase classname="TestNGPractice.Test3" name="fourthTestCarLoan" time="0.002"/>
  <system-out/>
  <testcase classname="TestNGPractice.Test3" name="sixthTest" time="0.000"/>
  <system-out/>
  <testcase classname="TestNGPractice.Test3" name="sixthTest" time="0.010"/>
  <system-out/>
  <testcase classname="TestNGPractice.Test3" name="fifthTest" time="0.012"/>
  <system-out/>
  <testcase classname="TestNGPractice.Test3" name="sixthTest" time="0.001"/>
  <system-out/>
</testsuite> <!-- TestNGPractice.Test3 -->
