<?xml version="1.0" encoding="UTF-8"?>
<!-- Generated by org.testng.reporters.JUnitReportReporter -->
<testsuite hostname="Nitesh" failures="0" tests="3" name="TestNGPractice.Test4" time="0.011" errors="0" timestamp="2025-03-22T00:32:43 IST" skipped="0">
  <testcase classname="TestNGPractice.Test4" name="seventhTestHomeLoan" time="0.001"/>
  <system-out/>
  <testcase classname="TestNGPractice.Test4" name="ninethTestHomeLoan" time="0.002"/>
  <system-out/>
  <testcase classname="TestNGPractice.Test4" name="eigthTestHomeLoan" time="0.008"/>
  <system-out/>
</testsuite> <!-- TestNGPractice.Test4 -->
