<?xml version="1.0" encoding="UTF-8"?>
<!-- Generated by org.testng.reporters.JUnitReportReporter -->
<testsuite hostname="Nitesh" failures="0" tests="1" name="CoreJava.P1" time="0.015" errors="0" timestamp="2025-01-19T18:01:06 IST" skipped="0">
  <testcase classname="CoreJava.P1" name="testRun" time="0.015"/>
  <system-out/>
</testsuite> <!-- CoreJava.P1 -->
