<?xml version="1.0" encoding="UTF-8"?>
<!-- Generated by org.testng.reporters.JUnitReportReporter -->
<testsuite hostname="Nitesh" failures="0" tests="1" name="TestNGPractice.Test2" time="0.006" errors="0" timestamp="2025-01-19T11:50:17 IST" skipped="0">
  <testcase classname="TestNGPractice.Test2" name="thirdTest" time="0.006"/>
  <system-out/>
</testsuite> <!-- TestNGPractice.Test2 -->
